The system is: Windows - 10.0.18363 - AMD64
Compiling the C compiler identification source file "CMakeCCompilerId.c" succeeded.
Compiler: D:/Microsoft Visual Studio/2019/Community/VC/Tools/MSVC/14.27.29110/bin/Hostx64/x64/cl.exe 
Build flags: 
Id flags:  

The output was:
0
用于 x64 的 Microsoft (R) C/C++ 优化编译器 19.27.29112 版
版权所有(C) Microsoft Corporation。保留所有权利。

CMakeCCompilerId.c
Microsoft (R) Incremental Linker Version 14.27.29112.0
Copyright (C) Microsoft Corporation.  All rights reserved.

/out:CMakeCCompilerId.exe 
CMakeCCompilerId.obj 


Compilation of the C compiler identification source "CMakeCCompilerId.c" produced "CMakeCCompilerId.exe"

Compilation of the C compiler identification source "CMakeCCompilerId.c" produced "CMakeCCompilerId.obj"

The C compiler identification is MSVC, found in "C:/code_project/catkin_ws/build/CMakeFiles/3.18.2/CompilerIdC/CMakeCCompilerId.exe"

Compiling the CXX compiler identification source file "CMakeCXXCompilerId.cpp" succeeded.
Compiler: D:/Microsoft Visual Studio/2019/Community/VC/Tools/MSVC/14.27.29110/bin/Hostx64/x64/cl.exe 
Build flags: 
Id flags:  

The output was:
0
用于 x64 的 Microsoft (R) C/C++ 优化编译器 19.27.29112 版
版权所有(C) Microsoft Corporation。保留所有权利。

CMakeCXXCompilerId.cpp
Microsoft (R) Incremental Linker Version 14.27.29112.0
Copyright (C) Microsoft Corporation.  All rights reserved.

/out:CMakeCXXCompilerId.exe 
CMakeCXXCompilerId.obj 


Compilation of the CXX compiler identification source "CMakeCXXCompilerId.cpp" produced "CMakeCXXCompilerId.exe"

Compilation of the CXX compiler identification source "CMakeCXXCompilerId.cpp" produced "CMakeCXXCompilerId.obj"

The CXX compiler identification is MSVC, found in "C:/code_project/catkin_ws/build/CMakeFiles/3.18.2/CompilerIdCXX/CMakeCXXCompilerId.exe"

Detecting C compiler ABI info compiled with the following output:
Change Dir: C:/code_project/catkin_ws/build/CMakeFiles/CMakeTmp

Run Build Command(s):nmake /nologo cmTC_c29ef\fast && 	"D:\Microsoft Visual Studio\2019\Community\VC\Tools\MSVC\14.27.29110\bin\HostX64\x64\nmake.exe"  -f CMakeFiles\cmTC_c29ef.dir\build.make /nologo -L                  CMakeFiles\cmTC_c29ef.dir\build
Building C object CMakeFiles/cmTC_c29ef.dir/CMakeCCompilerABI.c.obj
	"D:\Microsoft Visual Studio\2019\Community\VC\Tools\MSVC\14.27.29110\bin\Hostx64\x64\cl.exe" @C:\Users\Wei\AppData\Local\Temp\nmA074.tmp
CMakeCCompilerABI.c
Linking C executable cmTC_c29ef.exe
	C:\opt\ros\noetic\x64\Lib\site-packages\cmake\data\bin\cmake.exe -E vs_link_exe --intdir=CMakeFiles\cmTC_c29ef.dir --rc="D:\Windows Kits\10\bin\10.0.18362.0\x64\rc.exe" --mt="D:\Windows Kits\10\bin\10.0.18362.0\x64\mt.exe" --manifests -- "D:\Microsoft Visual Studio\2019\Community\VC\Tools\MSVC\14.27.29110\bin\Hostx64\x64\link.exe" /nologo @CMakeFiles\cmTC_c29ef.dir\objects1.rsp @C:\Users\Wei\AppData\Local\Temp\nmA0E3.tmp



Detecting CXX compiler ABI info compiled with the following output:
Change Dir: C:/code_project/catkin_ws/build/CMakeFiles/CMakeTmp

Run Build Command(s):nmake /nologo cmTC_19b27\fast && 	"D:\Microsoft Visual Studio\2019\Community\VC\Tools\MSVC\14.27.29110\bin\HostX64\x64\nmake.exe"  -f CMakeFiles\cmTC_19b27.dir\build.make /nologo -L                  CMakeFiles\cmTC_19b27.dir\build
Building CXX object CMakeFiles/cmTC_19b27.dir/CMakeCXXCompilerABI.cpp.obj
	"D:\Microsoft Visual Studio\2019\Community\VC\Tools\MSVC\14.27.29110\bin\Hostx64\x64\cl.exe" @C:\Users\Wei\AppData\Local\Temp\nmA4F9.tmp
CMakeCXXCompilerABI.cpp
Linking CXX executable cmTC_19b27.exe
	C:\opt\ros\noetic\x64\Lib\site-packages\cmake\data\bin\cmake.exe -E vs_link_exe --intdir=CMakeFiles\cmTC_19b27.dir --rc="D:\Windows Kits\10\bin\10.0.18362.0\x64\rc.exe" --mt="D:\Windows Kits\10\bin\10.0.18362.0\x64\mt.exe" --manifests -- "D:\Microsoft Visual Studio\2019\Community\VC\Tools\MSVC\14.27.29110\bin\Hostx64\x64\link.exe" /nologo @CMakeFiles\cmTC_19b27.dir\objects1.rsp @C:\Users\Wei\AppData\Local\Temp\nmA557.tmp



